0 info it worked if it ends with ok
1 verbose cli [ 'E:\\webpack\\node-v6.11.5-win-x64\\node.exe',
1 verbose cli   'E:\\webpack\\node-v6.11.5-win-x64\\node_modules\\npm\\bin\\npm-cli.js',
1 verbose cli   'run',
1 verbose cli   'dev' ]
2 info using npm@3.10.10
3 info using node@v6.11.5
4 verbose run-script [ 'predev', 'dev', 'postdev' ]
5 info lifecycle manage-system@2.1.0~predev: manage-system@2.1.0
6 silly lifecycle manage-system@2.1.0~predev: no script for predev, continuing
7 info lifecycle manage-system@2.1.0~dev: manage-system@2.1.0
8 verbose lifecycle manage-system@2.1.0~dev: unsafe-perm in lifecycle true
9 verbose lifecycle manage-system@2.1.0~dev: PATH: E:\webpack\node-v6.11.5-win-x64\node_modules\npm\bin\node-gyp-bin;E:\github-tocean-crm-student\node_modules\.bin;C:\Windows\system32;C:\Windows;C:\Windows\System32\Wbem;C:\Windows\System32\WindowsPowerShell\v1.0\;C:\Program Files\TortoiseSVN\bin;C:\Program Files\Git\cmd;E:\webpack\node-v6.11.5-win-x64;E:\webpack\node-v6.11.5-win-x64\node_global
10 verbose lifecycle manage-system@2.1.0~dev: CWD: E:\github-tocean-crm-student
11 silly lifecycle manage-system@2.1.0~dev: Args: [ '/d /s /c', 'node build/dev-server.js' ]
12 verbose stack Error: kill ENOSYS
12 verbose stack     at Object.exports._errnoException (util.js:1020:11)
12 verbose stack     at process.kill (internal/process.js:191:18)
12 verbose stack     at process.listener (E:\webpack\node-v6.11.5-win-x64\node_modules\npm\node_modules\npmlog\node_modules\gauge\node_modules\signal-exit\index.js:86:15)
12 verbose stack     at emitNone (events.js:91:20)
12 verbose stack     at process.emit (events.js:185:7)
12 verbose stack     at processEmit (E:\webpack\node-v6.11.5-win-x64\node_modules\npm\node_modules\npmlog\node_modules\gauge\node_modules\signal-exit\index.js:146:32)
12 verbose stack     at processEmit (E:\webpack\node-v6.11.5-win-x64\node_modules\npm\node_modules\npm-registry-client\node_modules\npmlog\node_modules\gauge\node_modules\signal-exit\index.js:146:32)
12 verbose stack     at Signal.wrap.onsignal (internal/process.js:217:44)
13 verbose cwd E:\github-tocean-crm-student
14 error Windows_NT 6.1.7601
15 error argv "E:\\webpack\\node-v6.11.5-win-x64\\node.exe" "E:\\webpack\\node-v6.11.5-win-x64\\node_modules\\npm\\bin\\npm-cli.js" "run" "dev"
16 error node v6.11.5
17 error npm  v3.10.10
18 error code ENOSYS
19 error errno ENOSYS
20 error syscall kill
21 error kill ENOSYS
22 error If you need help, you may report this error at:
22 error     <https://github.com/npm/npm/issues>
23 verbose exit [ 1, true ]
